........................................................................ [ 70%]
..............................                                           [100%]
================================ tests coverage ================================
______________ coverage: platform darwin, python 3.12.10-final-0 _______________

Name                          Stmts   Miss  Cover   Missing
-----------------------------------------------------------
module_4/src/__init__.py          0      0   100%
module_4/src/app.py              72      0   100%
module_4/src/clean.py            23      0   100%
module_4/src/load_data.py        50      0   100%
module_4/src/models.py           26      0   100%
module_4/src/orm_queries.py      42      0   100%
module_4/src/pull_data.py       135      0   100%
module_4/src/query_data.py       99      0   100%
module_4/src/scrape.py          241      0   100%
-----------------------------------------------------------
TOTAL                           688      0   100%
Required test coverage of 100% reached. Total coverage: 100.00%
102 passed in 1.05s
